<?xml version="1.0" encoding="UTF-8"?>
<!-- Generated by org.testng.reporters.JUnitReportReporter -->
<testsuite hostname="Mypc" name="com.orgHRM.testNG.useregtest" tests="1" failures="0" timestamp="29 Jul 2016 15:21:41 GMT" time="14.235" errors="0">
  <testcase name="userreg" time="14.235" classname="com.orgHRM.testNG.useregtest"/>
</testsuite> <!-- com.orgHRM.testNG.useregtest -->
