<?xml version="1.0" encoding="UTF-8"?>
<!-- Generated by org.testng.reporters.JUnitReportReporter -->
<testsuite hostname="Mypc" name="com.orgHRM.testNG.datapro" tests="3" failures="0" timestamp="29 Jul 2016 15:52:22 GMT" time="118.508" errors="0">
  <testcase name="brtest" time="63.126" classname="com.orgHRM.testNG.datapro"/>
  <testcase name="brtest" time="27.518" classname="com.orgHRM.testNG.datapro"/>
  <testcase name="brtest" time="27.864" classname="com.orgHRM.testNG.datapro"/>
</testsuite> <!-- com.orgHRM.testNG.datapro -->
