<?xml version="1.0" encoding="UTF-8"?>
<!-- Generated by org.testng.reporters.JUnitReportReporter -->
<testsuite hostname="Mypc" name="com.orgHRM.testNG.empregtest" tests="1" failures="0" timestamp="29 Jul 2016 15:21:41 GMT" time="9.369" errors="0">
  <testcase name="org_Emoreg" time="9.369" classname="com.orgHRM.testNG.empregtest"/>
</testsuite> <!-- com.orgHRM.testNG.empregtest -->
