<?xml version="1.0" encoding="UTF-8"?>
<!-- Generated by org.testng.reporters.JUnitReportReporter -->
<testsuite hostname="Mypc" name="com.orgHRM.testNG.basicAnnotations" tests="3" failures="0" timestamp="27 Jul 2016 15:52:56 GMT" time="0.060" errors="0">
  <testcase name="function1" time="0.027" classname="com.orgHRM.testNG.basicAnnotations"/>
  <testcase name="a" time="0.009" classname="com.orgHRM.testNG.basicAnnotations"/>
  <testcase name="function2" time="0.024" classname="com.orgHRM.testNG.basicAnnotations"/>
</testsuite> <!-- com.orgHRM.testNG.basicAnnotations -->
