<?xml version="1.0" encoding="UTF-8"?>
<!-- Generated by org.testng.reporters.JUnitReportReporter -->
<testsuite hostname="Mypc" name="Grid.gridtest" tests="2" failures="0" timestamp="3 Aug 2016 15:45:12 GMT" time="86.120" errors="0">
  <testcase name="grid" time="57.435" classname="Grid.gridtest"/>
  <testcase name="grid" time="28.685" classname="Grid.gridtest"/>
</testsuite> <!-- Grid.gridtest -->
